<?xml version="1.0" encoding="UTF-8"?>
<Site BuildName="Win32-ninja"
	BuildStamp="20240303-2015-Experimental"
	Name="DESKTOP-5LIDP28"
	Generator="ctest-3.27.6"
	CompilerName="G:/msys2/mingw64/bin/g++.exe"
	CompilerVersion="13.2.0"
	OSName="Windows"
	Hostname="DESKTOP-5LIDP28"
	OSRelease=" Professional"
	OSVersion=" (Build 22621)"
	OSPlatform="AMD64"
	Is64Bits="1"
	VendorString=""
	VendorID="Unknown Manufacturer"
	FamilyID="0"
	ModelID="0"
	ProcessorCacheSize="0"
	NumberOfLogicalCPU="24"
	NumberOfPhysicalCPU="12"
	TotalVirtualMemory="67493"
	TotalPhysicalMemory="32677"
	LogicalProcessorsPerPhysical="2"
	ProcessorClockFrequency="3800"
	>
	<Testing>
		<StartDateTime>Mar 03 21:15 Közép-európai téli idő</StartDateTime>
		<StartTestTime>1709496936</StartTestTime>
		<TestList/>
		<EndDateTime>Mar 03 21:15 Közép-európai téli idő</EndDateTime>
		<EndTestTime>1709496936</EndTestTime>
		<ElapsedMinutes>0</ElapsedMinutes>
	</Testing>
</Site>
