<?xml version="1.0" encoding="UTF-8"?>
<Site BuildName="Win32-ninja"
	BuildStamp="20231221-0001-Experimental"
	Name="DESKTOP-5LIDP28"
	Generator="ctest-3.27.6"
	CompilerName="G:/msys2/mingw64/bin/g++.exe"
	CompilerVersion="13.2.0"
	OSName="Windows"
	Hostname="DESKTOP-5LIDP28"
	OSRelease=" Professional"
	OSVersion=" (Build 22621)"
	OSPlatform="AMD64"
	Is64Bits="1"
	VendorString=""
	VendorID="Unknown Manufacturer"
	FamilyID="0"
	ModelID="0"
	ProcessorCacheSize="0"
	NumberOfLogicalCPU="24"
	NumberOfPhysicalCPU="12"
	TotalVirtualMemory="71589"
	TotalPhysicalMemory="32677"
	LogicalProcessorsPerPhysical="2"
	ProcessorClockFrequency="3800"
	>
	<Testing>
		<StartDateTime>Dec 21 02:53 Central Europe Standard Time</StartDateTime>
		<StartTestTime>1703123623</StartTestTime>
		<TestList/>
		<EndDateTime>Dec 21 02:53 Central Europe Standard Time</EndDateTime>
		<EndTestTime>1703123623</EndTestTime>
		<ElapsedMinutes>0</ElapsedMinutes>
	</Testing>
</Site>
